NotePad-master/app/build/intermediates/manifest_merge_blame_file/debug/manifest-merger-blame-debug-report.txt
1<?xml version="1.0" encoding="utf-8"?>
2<manifest xmlns:android="http://schemas.android.com/apk/res/android"
3    package="com.example.android.notepad" >
4
5    <uses-sdk
6        android:minSdkVersion="24"
6-->src\main\AndroidManifest.xml
7        android:targetSdkVersion="32" />
7-->src\main\AndroidManifest.xml
8
9    <application
9-->src\main\AndroidManifest.xml:6:5-145:19
10        android:appComponentFactory="android.support.v4.app.CoreComponentFactory"
10-->[com.android.support:support-compat:28.0.0] AndroidManifest.xml:22:18-91
11        android:debuggable="true"
12        android:extractNativeLibs="false"
13        android:icon="@drawable/app_notes"
13-->src\main\AndroidManifest.xml:7:9-43
14        android:label="@string/app_name"
14-->src\main\AndroidManifest.xml:8:9-41
15        android:testOnly="true" >
16        <activity
16-->src\main\AndroidManifest.xml:9:9-13:73
17            android:name="com.example.android.notepad.Storage"
17-->src\main\AndroidManifest.xml:10:13-36
18            android:exported="true"
18-->src\main\AndroidManifest.xml:11:13-36
19            android:label="Storage"
19-->src\main\AndroidManifest.xml:12:13-36
20            android:theme="@style/Theme.AppCompat.Light.Dialog.Alert" />
20-->src\main\AndroidManifest.xml:13:13-70
21        <activity
21-->src\main\AndroidManifest.xml:14:9-18:58
22            android:name="com.example.android.notepad.NoteColor"
22-->src\main\AndroidManifest.xml:15:13-38
23            android:label="Color"
23-->src\main\AndroidManifest.xml:16:13-34
24            android:theme="@style/Theme.AppCompat.Light.Dialog.MinWidth"
24-->src\main\AndroidManifest.xml:17:13-73
25            android:windowSoftInputMode="stateVisible" />
25-->src\main\AndroidManifest.xml:18:13-55
26        <activity
26-->src\main\AndroidManifest.xml:19:9-22:72
27            android:name="com.example.android.notepad.SearchNotes"
27-->src\main\AndroidManifest.xml:20:13-40
28            android:exported="true"
28-->src\main\AndroidManifest.xml:21:13-36
29            android:theme="@style/Theme.AppCompat.Light.NoActionBar" /> <!--  -->
29-->src\main\AndroidManifest.xml:22:13-69
30        <provider
30-->src\main\AndroidManifest.xml:23:9-28:20
31            android:name="com.example.android.notepad.NotePadProvider"
31-->src\main\AndroidManifest.xml:24:13-44
32            android:authorities="com.google.provider.NotePad"
32-->src\main\AndroidManifest.xml:25:13-62
33            android:exported="false" >
33-->src\main\AndroidManifest.xml:26:13-37
34            <grant-uri-permission android:pathPattern=".*" />
34-->src\main\AndroidManifest.xml:27:13-62
34-->src\main\AndroidManifest.xml:27:35-59
35        </provider>
36
37        <activity
37-->src\main\AndroidManifest.xml:30:9-57:20
38            android:name="com.example.android.notepad.NotesList"
38-->src\main\AndroidManifest.xml:31:13-38
39            android:exported="true"
39-->src\main\AndroidManifest.xml:32:13-36
40            android:label="@string/title_notes_list" >
40-->src\main\AndroidManifest.xml:33:13-53
41            <intent-filter>
41-->src\main\AndroidManifest.xml:34:13-38:29
42                <action android:name="android.intent.action.MAIN" />
42-->src\main\AndroidManifest.xml:35:17-69
42-->src\main\AndroidManifest.xml:35:25-66
43
44                <category android:name="android.intent.category.LAUNCHER" />
44-->src\main\AndroidManifest.xml:37:17-77
44-->src\main\AndroidManifest.xml:37:27-74
45            </intent-filter>
46            <intent-filter android:scheme="http" >
46-->src\main\AndroidManifest.xml:39:13-49:29
46-->src\main\AndroidManifest.xml:40:17-38
47                <action android:name="android.intent.action.VIEW" />
47-->src\main\AndroidManifest.xml:42:17-69
47-->src\main\AndroidManifest.xml:42:25-66
48                <action android:name="android.intent.action.EDIT" />
48-->src\main\AndroidManifest.xml:43:17-69
48-->src\main\AndroidManifest.xml:43:25-66
49                <action android:name="android.intent.action.PICK" />
49-->src\main\AndroidManifest.xml:44:17-69
49-->src\main\AndroidManifest.xml:44:25-66
50
51                <category android:name="android.intent.category.DEFAULT" />
51-->src\main\AndroidManifest.xml:46:17-76
51-->src\main\AndroidManifest.xml:46:27-73
52
53                <data android:mimeType="vnd.android.cursor.dir/vnd.google.note" />
53-->src\main\AndroidManifest.xml:48:17-83
53-->src\main\AndroidManifest.xml:48:23-80
54            </intent-filter>
55            <intent-filter>
55-->src\main\AndroidManifest.xml:50:13-56:29
56                <action android:name="android.intent.action.GET_CONTENT" />
56-->src\main\AndroidManifest.xml:51:17-76
56-->src\main\AndroidManifest.xml:51:25-73
57
58                <category android:name="android.intent.category.DEFAULT" />
58-->src\main\AndroidManifest.xml:46:17-76
58-->src\main\AndroidManifest.xml:46:27-73
59
60                <data android:mimeType="vnd.android.cursor.item/vnd.google.note" />
60-->src\main\AndroidManifest.xml:48:17-83
60-->src\main\AndroidManifest.xml:48:23-80
61            </intent-filter>
62        </activity>
63        <activity
63-->src\main\AndroidManifest.xml:58:9-95:20
64            android:name="com.example.android.notepad.NoteEditor"
64-->src\main\AndroidManifest.xml:59:13-39
65            android:configChanges="keyboardHidden|orientation"
65-->src\main\AndroidManifest.xml:60:13-63
66            android:exported="true"
66-->src\main\AndroidManifest.xml:61:13-36
67            android:screenOrientation="sensor"
67-->src\main\AndroidManifest.xml:62:13-47
68            android:theme="@android:style/Theme.Holo.Light" >
68-->src\main\AndroidManifest.xml:63:13-60
69
70            <!--
71                 This filter says that we can view or edit the data of
72                 a single note
73            -->
74            <intent-filter android:label="@string/resolve_edit" >
74-->src\main\AndroidManifest.xml:69:13-79:29
74-->src\main\AndroidManifest.xml:70:17-53
75                <action android:name="android.intent.action.VIEW" />
75-->src\main\AndroidManifest.xml:42:17-69
75-->src\main\AndroidManifest.xml:42:25-66
76                <action android:name="android.intent.action.EDIT" />
76-->src\main\AndroidManifest.xml:43:17-69
76-->src\main\AndroidManifest.xml:43:25-66
77                <action android:name="com.android.notepad.action.EDIT_NOTE" />
77-->src\main\AndroidManifest.xml:74:17-79
77-->src\main\AndroidManifest.xml:74:25-76
78
79                <category android:name="android.intent.category.DEFAULT" />
79-->src\main\AndroidManifest.xml:46:17-76
79-->src\main\AndroidManifest.xml:46:27-73
80
81                <data android:mimeType="vnd.android.cursor.item/vnd.google.note" />
81-->src\main\AndroidManifest.xml:48:17-83
81-->src\main\AndroidManifest.xml:48:23-80
82            </intent-filter>
83
84            <!--
85                 This filter says that we can create a new note inside
86                 of a directory of notes.  The INSERT action creates an
87                 empty note; the PASTE action initializes a new note from
88                 the current contents of the clipboard.
89            -->
90            <intent-filter>
90-->src\main\AndroidManifest.xml:87:13-94:29
91                <action android:name="android.intent.action.INSERT" />
91-->src\main\AndroidManifest.xml:88:17-71
91-->src\main\AndroidManifest.xml:88:25-68
92                <action android:name="android.intent.action.PASTE" />
92-->src\main\AndroidManifest.xml:89:17-70
92-->src\main\AndroidManifest.xml:89:25-67
93
94                <category android:name="android.intent.category.DEFAULT" />
94-->src\main\AndroidManifest.xml:46:17-76
94-->src\main\AndroidManifest.xml:46:27-73
95
96                <data android:mimeType="vnd.android.cursor.dir/vnd.google.note" />
96-->src\main\AndroidManifest.xml:48:17-83
96-->src\main\AndroidManifest.xml:48:23-80
97            </intent-filter>
98        </activity>
99        <activity
99-->src\main\AndroidManifest.xml:96:9-133:20
100            android:name="com.example.android.notepad.TitleEditor"
100-->src\main\AndroidManifest.xml:97:13-40
101            android:exported="true"
101-->src\main\AndroidManifest.xml:98:13-36
102            android:icon="@drawable/ic_menu_edit"
102-->src\main\AndroidManifest.xml:99:13-50
103            android:label="@string/title_edit_title"
103-->src\main\AndroidManifest.xml:100:13-53
104            android:theme="@android:style/Theme.Holo.Dialog"
104-->src\main\AndroidManifest.xml:101:13-61
105            android:windowSoftInputMode="stateVisible" >
105-->src\main\AndroidManifest.xml:102:13-55
106
107            <!--
108                 This activity implements an alternative action that can be
109                 performed on notes: editing their title.  It can be used as
110                 a default operation if the user invokes this action, and is
111                 available as an alternative action for any note data.
112            -->
113            <intent-filter android:label="@string/resolve_title" >
113-->src\main\AndroidManifest.xml:110:13-132:29
113-->src\main\AndroidManifest.xml:110:28-65
114
115                <!--
116                     This is the action we perform.  It is a custom action we
117                     define for our application, not a generic VIEW or EDIT
118                     action since we are not a general note viewer/editor.
119                -->
120                <action android:name="com.android.notepad.action.EDIT_TITLE" />
120-->src\main\AndroidManifest.xml:117:17-80
120-->src\main\AndroidManifest.xml:117:25-77
121                <!-- DEFAULT: execute if being directly invoked. -->
122                <category android:name="android.intent.category.DEFAULT" />
122-->src\main\AndroidManifest.xml:46:17-76
122-->src\main\AndroidManifest.xml:46:27-73
123                <!--
124                     ALTERNATIVE: show as an alternative action when the user is
125                     working with this type of data.
126                -->
127                <category android:name="android.intent.category.ALTERNATIVE" />
127-->src\main\AndroidManifest.xml:124:17-80
127-->src\main\AndroidManifest.xml:124:27-77
128                <!--
129                     SELECTED_ALTERNATIVE: show as an alternative action the user
130                     can perform when selecting this type of data.
131                -->
132                <category android:name="android.intent.category.SELECTED_ALTERNATIVE" />
132-->src\main\AndroidManifest.xml:129:17-89
132-->src\main\AndroidManifest.xml:129:27-86
133                <!-- This is the data type we operate on. -->
134                <data android:mimeType="vnd.android.cursor.item/vnd.google.note" />
134-->src\main\AndroidManifest.xml:48:17-83
134-->src\main\AndroidManifest.xml:48:23-80
135            </intent-filter>
136        </activity>
137        <activity
137-->src\main\AndroidManifest.xml:134:9-144:20
138            android:name="com.example.android.notepad.NotesLiveFolder"
138-->src\main\AndroidManifest.xml:135:13-44
139            android:exported="true"
139-->src\main\AndroidManifest.xml:136:13-36
140            android:icon="@drawable/live_folder_notes"
140-->src\main\AndroidManifest.xml:137:13-55
141            android:label="@string/live_folder_name" >
141-->src\main\AndroidManifest.xml:138:13-53
142            <intent-filter>
142-->src\main\AndroidManifest.xml:139:13-143:29
143                <action android:name="android.intent.action.CREATE_LIVE_FOLDER" />
143-->src\main\AndroidManifest.xml:140:17-83
143-->src\main\AndroidManifest.xml:140:25-80
144
145                <category android:name="android.intent.category.DEFAULT" />
145-->src\main\AndroidManifest.xml:46:17-76
145-->src\main\AndroidManifest.xml:46:27-73
146            </intent-filter>
147        </activity>
148    </application>
149
150</manifest>